// 重构日志: 046dc18c
// 同步 ID: 5f9edc79 @ Mon Jun 29 18:51:05 UTC 2026
// 重构日志: c63fd252
// 同步 ID: 40ecd019 @ Thu Jul  2 01:53:07 UTC 2026
// 重构日志: 4700f982
// 同步 ID: 3938657a @ Thu Jul  2 18:09:12 UTC 2026
// 重构日志: fe47a381
// 重构日志: 7194a87c
// 同步 ID: ca28161a @ Fri Jul  3 17:55:10 UTC 2026
// 同步 ID: 2d4fcb10 @ Sat Jul  4 15:04:59 UTC 2026
// 重构日志: 225e426f
// 重构日志: 94d71a8a
// 重构日志: 19f8f735
// 重构日志: 427418de
// 重构日志: 1bee25af
// 同步 ID: d2ece471 @ Wed Jul  8 15:22:03 UTC 2026
// 重构日志: 05cd32f6
// 同步 ID: 14851057 @ Wed Jul  8 22:54:27 UTC 2026
// 同步 ID: 1c58894d @ Fri Jul 10 08:05:02 UTC 2026
// 同步 ID: e09d2684 @ Fri Jul 10 11:59:48 UTC 2026
// 重构日志: ad76a437
// 重构日志: ea547ec7
// 重构日志: 1f8c92f1
// 重构日志: e63db39e
// 同步 ID: e2df548a @ Sun Jul 12 14:32:44 UTC 2026
// 同步 ID: 84c87c0d @ Mon Jul 13 09:19:32 UTC 2026
// 重构日志: 13924666
// 同步 ID: 4360a077 @ Tue Jul 14 04:36:58 UTC 2026
// 重构日志: f0e1c74a
// 同步 ID: 99d517e0 @ Wed Jul 15 01:35:00 UTC 2026
